TN:
SF:C:\Users\David\git\lc3tools\frontend\gui\src\renderer\App.vue
FN:77,(anonymous_0)
FN:98,(anonymous_1)
FN:114,(anonymous_2)
FNF:3
FNH:0
FNDA:0,(anonymous_0)
FNDA:0,(anonymous_1)
FNDA:0,(anonymous_2)
DA:78,0
DA:92,0
DA:93,0
DA:94,0
DA:98,0
DA:99,0
DA:101,0
DA:103,0
DA:104,0
DA:105,0
DA:106,0
DA:115,0
DA:116,0
LF:13
LH:0
BRDA:99,0,0,0
BRDA:99,0,1,0
BRDA:103,1,0,0
BRDA:103,1,1,0
BRF:4
BRH:0
end_of_record
TN:
SF:C:\Users\David\git\lc3tools\frontend\gui\src\renderer\components\Assembler.vue
FN:80,(anonymous_0)
FN:167,(anonymous_1)
FN:175,(anonymous_2)
FNF:3
FNH:0
FNDA:0,(anonymous_0)
FNDA:0,(anonymous_1)
FNDA:0,(anonymous_2)
DA:76,1
DA:81,0
DA:100,0
DA:103,0
DA:104,0
DA:105,0
DA:111,0
DA:112,0
DA:114,0
DA:115,0
DA:121,0
DA:122,0
DA:123,0
DA:130,0
DA:131,0
DA:132,0
DA:140,0
DA:141,0
DA:143,0
DA:144,0
DA:146,0
DA:148,0
DA:149,0
DA:152,0
DA:153,0
DA:154,0
DA:155,0
DA:156,0
DA:161,0
DA:169,0
DA:170,0
DA:172,0
DA:177,0
DA:178,0
DA:180,0
LF:35
LH:1
BRDA:103,0,0,0
BRDA:103,0,1,0
BRDA:111,1,0,0
BRDA:111,1,1,0
BRDA:122,2,0,0
BRDA:122,2,1,0
BRDA:130,3,0,0
BRDA:130,3,1,0
BRDA:140,4,0,0
BRDA:140,4,1,0
BRDA:143,5,0,0
BRDA:143,5,1,0
BRDA:161,6,0,0
BRDA:161,6,1,0
BRDA:169,7,0,0
BRDA:169,7,1,0
BRDA:177,8,0,0
BRDA:177,8,1,0
BRF:18
BRH:0
end_of_record
TN:
SF:C:\Users\David\git\lc3tools\frontend\gui\src\renderer\components\Simulator.vue
FN:223,(anonymous_0)
FN:240,(anonymous_1)
FN:243,(anonymous_2)
FN:246,(anonymous_3)
FN:299,(anonymous_4)
FN:300,(anonymous_5)
FNF:6
FNH:0
FNDA:0,(anonymous_0)
FNDA:0,(anonymous_1)
FNDA:0,(anonymous_2)
FNDA:0,(anonymous_3)
FNDA:0,(anonymous_4)
FNDA:0,(anonymous_5)
DA:219,1
DA:224,0
DA:241,0
DA:244,0
DA:247,0
DA:248,0
DA:258,0
DA:261,0
DA:262,0
DA:264,0
DA:265,0
DA:270,0
DA:271,0
DA:272,0
DA:279,0
DA:280,0
DA:281,0
DA:283,0
DA:284,0
DA:287,0
DA:288,0
DA:290,0
DA:293,0
DA:294,0
DA:296,0
DA:297,0
DA:298,0
DA:299,0
DA:300,0
DA:301,0
DA:302,0
DA:303,0
DA:305,0
DA:306,0
DA:307,0
DA:308,0
DA:311,0
DA:312,0
DA:316,0
DA:317,0
DA:319,0
DA:320,0
DA:321,0
DA:323,0
DA:324,0
DA:325,0
DA:326,0
DA:332,0
DA:333,0
DA:334,0
DA:335,0
DA:336,0
DA:337,0
DA:339,0
DA:340,0
DA:341,0
DA:345,0
DA:346,0
DA:347,0
DA:348,0
DA:349,0
DA:351,0
DA:355,0
DA:356,0
DA:360,0
DA:361,0
DA:362,0
DA:363,0
DA:364,0
DA:367,0
DA:371,0
DA:372,0
DA:373,0
DA:377,0
DA:378,0
DA:379,0
DA:380,0
DA:382,0
DA:383,0
DA:387,0
DA:388,0
DA:389,0
DA:392,0
DA:395,0
DA:400,0
DA:401,0
DA:404,0
DA:407,0
DA:408,0
DA:411,0
DA:412,0
DA:415,0
DA:416,0
DA:419,0
DA:420,0
DA:423,0
DA:424,0
DA:425,0
DA:426,0
DA:427,0
DA:429,0
DA:430,0
DA:436,0
DA:437,0
DA:438,0
DA:439,0
DA:440,0
DA:441,0
DA:442,0
DA:444,0
DA:448,0
DA:449,0
LF:112
LH:1
BRDA:241,0,0,0
BRDA:241,0,1,0
BRDA:244,1,0,0
BRDA:244,1,1,0
BRDA:248,2,0,0
BRDA:248,2,1,0
BRDA:248,2,2,0
BRDA:271,3,0,0
BRDA:271,3,1,0
BRDA:279,4,0,0
BRDA:279,4,1,0
BRDA:293,5,0,0
BRDA:293,5,1,0
BRDA:296,6,0,0
BRDA:296,6,1,0
BRDA:301,7,0,0
BRDA:301,7,1,0
BRDA:305,8,0,0
BRDA:305,8,1,0
BRDA:306,9,0,0
BRDA:306,9,1,0
BRDA:307,10,0,0
BRDA:307,10,1,0
BRDA:323,11,0,0
BRDA:323,11,1,0
BRDA:332,12,0,0
BRDA:332,12,1,0
BRDA:334,13,0,0
BRDA:334,13,1,0
BRDA:336,14,0,0
BRDA:336,14,1,0
BRDA:340,15,0,0
BRDA:340,15,1,0
BRDA:346,16,0,0
BRDA:346,16,1,0
BRDA:348,17,0,0
BRDA:348,17,1,0
BRDA:378,18,0,0
BRDA:378,18,1,0
BRDA:395,19,0,0
BRDA:395,19,1,0
BRDA:425,20,0,0
BRDA:425,20,1,0
BRDA:426,21,0,0
BRDA:426,21,1,0
BRDA:427,22,0,0
BRDA:427,22,1,0
BRDA:429,23,0,0
BRDA:429,23,1,0
BRDA:429,24,0,0
BRDA:429,24,1,0
BRDA:437,25,0,0
BRDA:437,25,1,0
BRDA:439,26,0,0
BRDA:439,26,1,0
BRDA:441,27,0,0
BRDA:441,27,1,0
BRF:57
BRH:0
end_of_record
TN:
SF:C:\Users\David\git\lc3tools\frontend\gui\src\renderer\router\index.js
FNF:0
FNH:0
DA:4,1
LF:1
LH:1
BRF:0
BRH:0
end_of_record
TN:
SF:C:\Users\David\git\lc3tools\frontend\gui\src\renderer\store\index.js
FNF:0
FNH:0
DA:6,1
LF:1
LH:1
BRF:0
BRH:0
end_of_record
TN:
SF:C:\Users\David\git\lc3tools\frontend\gui\src\renderer\store\modules\Counter.js
FNF:0
FNH:0
DA:1,1
DA:5,1
DA:7,0
DA:10,0
DA:14,1
DA:17,0
LF:6
LH:3
BRF:0
BRH:0
end_of_record
TN:
SF:C:\Users\David\git\lc3tools\frontend\gui\src\renderer\store\modules\index.js
FN:9,(anonymous_0)
FNF:1
FNH:1
FNDA:2,(anonymous_0)
DA:6,1
DA:7,1
DA:9,1
DA:10,2
DA:11,1
LF:5
LH:5
BRDA:10,0,0,1
BRDA:10,0,1,1
BRF:2
BRH:2
end_of_record
